\BOOKMARK [1][-]{section*.1}{\376\377\000A\000b\000s\000t\000r\000a\000c\000t}{}% 1
\BOOKMARK [1][-]{section.1}{\376\377\0001\000\040\000I\000n\000t\000r\000o\000d\000u\000c\000t\000i\000o\000n}{}% 2
\BOOKMARK [1][-]{section.2}{\376\377\0002\000\040\000C\000o\000m\000m\000u\000n\000i\000t\000y\000\040\000S\000i\000g\000n\000a\000l\000s\000\040\000f\000r\000o\000m\000\040\000t\000h\000e\000\040\000I\000C\000S\000E\000\040\0002\0000\0002\0006\000\040\000F\000O\000S\000E\000\040\000P\000r\000e\000-\000S\000u\000r\000v\000e\000y}{}% 3
\BOOKMARK [1][-]{section.3}{\376\377\0003\000\040\000W\000h\000e\000r\000e\000\040\000K\000n\000o\000w\000l\000e\000d\000g\000e\000\040\000A\000c\000c\000u\000m\000u\000l\000a\000t\000i\000o\000n\000\040\000B\000r\000e\000a\000k\000s\000\040\000D\000o\000w\000n}{}% 4
\BOOKMARK [2][-]{subsection.3.1}{\376\377\0003\000.\0001\000\040\000P\000a\000p\000e\000r\000s\000\040\000a\000s\000\040\000I\000s\000o\000l\000a\000t\000e\000d\000\040\000K\000n\000o\000w\000l\000e\000d\000g\000e\000\040\000U\000n\000i\000t\000s}{section.3}% 5
\BOOKMARK [2][-]{subsection.3.2}{\376\377\0003\000.\0002\000\040\000L\000o\000s\000s\000\040\000o\000f\000\040\000C\000o\000n\000t\000e\000x\000t\000\040\000a\000n\000d\000\040\000P\000r\000o\000v\000e\000n\000a\000n\000c\000e}{section.3}% 6
\BOOKMARK [2][-]{subsection.3.3}{\376\377\0003\000.\0003\000\040\000C\000l\000a\000i\000m\000s\000\040\000E\000v\000o\000l\000v\000e\000\040\000W\000i\000t\000h\000o\000u\000t\000\040\000T\000r\000a\000c\000k\000i\000n\000g}{section.3}% 7
\BOOKMARK [2][-]{subsection.3.4}{\376\377\0003\000.\0004\000\040\000I\000n\000c\000e\000n\000t\000i\000v\000e\000\040\000S\000t\000r\000u\000c\000t\000u\000r\000e\000s\000\040\000F\000a\000v\000o\000r\000\040\000N\000o\000v\000e\000l\000t\000y\000\040\000O\000v\000e\000r\000\040\000A\000c\000c\000u\000m\000u\000l\000a\000t\000i\000o\000n}{section.3}% 8
\BOOKMARK [1][-]{section.4}{\376\377\0004\000\040\000R\000e\000t\000h\000i\000n\000k\000i\000n\000g\000\040\000R\000e\000s\000e\000a\000r\000c\000h\000\040\000A\000r\000t\000i\000f\000a\000c\000t\000s\000\040\000f\000o\000r\000\040\000C\000u\000m\000u\000l\000a\000t\000i\000v\000e\000\040\000P\000r\000o\000g\000r\000e\000s\000s}{}% 9
\BOOKMARK [2][-]{subsection.4.1}{\376\377\0004\000.\0001\000\040\000P\000r\000i\000n\000c\000i\000p\000l\000e\000\040\0001\000:\000\040\000S\000t\000r\000u\000c\000t\000u\000r\000e\000d\000\040\000a\000n\000d\000\040\000I\000n\000t\000e\000r\000p\000r\000e\000t\000a\000b\000l\000e}{section.4}% 10
\BOOKMARK [2][-]{subsection.4.2}{\376\377\0004\000.\0002\000\040\000P\000r\000i\000n\000c\000i\000p\000l\000e\000\040\0002\000:\000\040\000I\000n\000s\000p\000e\000c\000t\000a\000b\000l\000e\000\040\000a\000n\000d\000\040\000P\000r\000o\000v\000e\000n\000a\000n\000c\000e\000-\000A\000w\000a\000r\000e}{section.4}% 11
\BOOKMARK [2][-]{subsection.4.3}{\376\377\0004\000.\0003\000\040\000P\000r\000i\000n\000c\000i\000p\000l\000e\000\040\0003\000:\000\040\000L\000o\000n\000g\000-\000L\000i\000v\000e\000d\000\040\000a\000n\000d\000\040\000R\000e\000u\000s\000a\000b\000l\000e}{section.4}% 12
\BOOKMARK [2][-]{subsection.4.4}{\376\377\0004\000.\0004\000\040\000P\000r\000i\000n\000c\000i\000p\000l\000e\000\040\0004\000:\000\040\000G\000o\000v\000e\000r\000n\000e\000d\000\040\000w\000i\000t\000h\000\040\000H\000u\000m\000a\000n\000\040\000O\000v\000e\000r\000s\000i\000g\000h\000t}{section.4}% 13
\BOOKMARK [2][-]{subsection.4.5}{\376\377\0004\000.\0005\000\040\000F\000r\000o\000m\000\040\000P\000r\000i\000n\000c\000i\000p\000l\000e\000s\000\040\000t\000o\000\040\000P\000r\000a\000c\000t\000i\000c\000e}{section.4}% 14
\BOOKMARK [1][-]{section.5}{\376\377\0005\000\040\000I\000m\000p\000l\000i\000c\000a\000t\000i\000o\000n\000s\000\040\000f\000o\000r\000\040\000t\000h\000e\000\040\000F\000u\000t\000u\000r\000e\000\040\000o\000f\000\040\000S\000o\000f\000t\000w\000a\000r\000e\000\040\000E\000n\000g\000i\000n\000e\000e\000r\000i\000n\000g}{}% 15
\BOOKMARK [2][-]{subsection.5.1}{\376\377\0005\000.\0001\000\040\000R\000e\000s\000e\000a\000r\000c\000h\000\040\000P\000r\000a\000c\000t\000i\000c\000e\000\040\000a\000n\000d\000\040\000P\000u\000b\000l\000i\000c\000a\000t\000i\000o\000n}{section.5}% 16
\BOOKMARK [2][-]{subsection.5.2}{\376\377\0005\000.\0002\000\040\000C\000o\000m\000m\000u\000n\000i\000t\000y\000\040\000I\000n\000f\000r\000a\000s\000t\000r\000u\000c\000t\000u\000r\000e}{section.5}% 17
\BOOKMARK [2][-]{subsection.5.3}{\376\377\0005\000.\0003\000\040\000F\000O\000S\000E\000\040\000a\000s\000\040\000a\000\040\000V\000e\000n\000u\000e\000\040\000f\000o\000r\000\040\000E\000x\000p\000e\000r\000i\000m\000e\000n\000t\000a\000t\000i\000o\000n}{section.5}% 18
\BOOKMARK [1][-]{section.6}{\376\377\0006\000\040\000L\000i\000m\000i\000t\000a\000t\000i\000o\000n\000s}{}% 19
\BOOKMARK [1][-]{section.7}{\376\377\0007\000\040\000C\000o\000n\000c\000l\000u\000s\000i\000o\000n}{}% 20
\BOOKMARK [1][-]{section*.6}{\376\377\000R\000e\000f\000e\000r\000e\000n\000c\000e\000s}{}% 21
